#
# A fatal error has been detected by the Java Runtime Environment:
#
#  EXCEPTION_ACCESS_VIOLATION (0xc0000005) at pc=0x0000000022511066, pid=3936, tid=8372
#
# JRE version: Java(TM) SE Runtime Environment (8.0_51-b16) (build 1.8.0_51-b16)
# Java VM: Java HotSpot(TM) 64-Bit Server VM (25.51-b03 mixed mode windows-amd64 compressed oops)
# Problematic frame:
# C  [OpenAL64.dll+0x11066]
#
# Failed to write core dump. Minidumps are not enabled by default on client versions of Windows
#
# If you would like to submit a bug report, please visit:
#   http://bugreport.java.com/bugreport/crash.jsp
# The crash happened outside the Java Virtual Machine in native code.
# See problematic frame for where to report the bug.
#

---------------  T H R E A D  ---------------

Current thread (0x000000001c730800):  JavaThread "Thread-9" [_thread_in_native, id=8372, stack(0x0000000022320000,0x0000000022420000)]

siginfo: ExceptionCode=0xc0000005, reading address 0x000000001ad94004

Registers:
RAX=0x0000000000000004, RBX=0x0000000022950090, RCX=0x000000001ad94008, RDX=0x000000001ad94004
RSP=0x000000002241ebd0, RBP=0x00000000000000ff, RSI=0x000000001ad89e1c, RDI=0x0000000000000000
R8 =0x000000000000287a, R9 =0x000000001ad89e1c, R10=0x0000000002985e08, R11=0x0000000054097bb0
R12=0x0000000000000001, R13=0x0000000020bce138, R14=0x000000002241ed68, R15=0x000000001c730800
RIP=0x0000000022511066, EFLAGS=0x0000000000010202

Top of Stack: (sp=0x000000002241ebd0)
0x000000002241ebd0:   000000002241ec10 0000000016d9f1e0
0x000000002241ebe0:   0000000000000000 0000000016d9bb00
0x000000002241ebf0:   0000000020bce138 0000000053f98cd5
0x000000002241ec00:   000000001c730800 000000001ad89740
0x000000002241ec10:   0000000020bce138 000000002241ed68
0x000000002241ec20:   000000001961f970 0000000053f29836
0x000000002241ec30:   000000002241f3d8 000000001f8bebb8
0x000000002241ec40:   000000001c730800 000000002241ed68
0x000000002241ec50:   0000000020bce138 0000000000000000
0x000000002241ec60:   000000001ad89e1c 000000001ad89e1c
0x000000002241ec70:   000000002241ed30 000000002251248f
0x000000002241ec80:   0000000022950090 0000000022950090
0x000000002241ec90:   000000000000ac44 0000000000000004
0x000000002241eca0:   0000000080824d68 0000000002985e34
0x000000002241ecb0:   0000000020bce138 00000000defafbb0
0x000000002241ecc0:   000000002241ecc0 0000000021e803e1 

Instructions: (pc=0x0000000022511066)
0x0000000022511046:   41 2b ec 81 3a 03 00 02 00 75 09 8b 01 89 84 24
0x0000000022511056:   c8 00 00 00 49 83 c0 02 48 83 c1 08 4a 8d 14 86
0x0000000022511066:   39 3a 75 af 4c 8d 84 24 c0 00 00 00 48 8d 15 d7
0x0000000022511076:   2b 03 00 33 c9 e8 58 5f 00 00 b8 40 1f 00 00 4c 


Register to memory mapping:

RAX=0x0000000000000004 is an unknown value
RBX=0x0000000022950090 is an unknown value
RCX=0x000000001ad94008 is an unknown value
RDX=0x000000001ad94004 is an unknown value
RSP=0x000000002241ebd0 is pointing into the stack for thread: 0x000000001c730800
RBP=0x00000000000000ff is an unknown value
RSI=0x000000001ad89e1c is an unknown value
RDI=0x0000000000000000 is an unknown value
R8 =0x000000000000287a is an unknown value
R9 =0x000000001ad89e1c is an unknown value
R10=0x0000000002985e08 is at code_begin+840 in an Interpreter codelet
method entry point (kind = native)  [0x0000000002985ac0, 0x0000000002986420]  2400 bytes
R11=0x0000000054097bb0 is an unknown value
R12=0x0000000000000001 is an unknown value
R13={method} {0x0000000020bce140} 'nalcCreateContext' '(JJ)J' in 'org/lwjgl/openal/ALC10'
R14=0x000000002241ed68 is pointing into the stack for thread: 0x000000001c730800
R15=0x000000001c730800 is a thread


Stack: [0x0000000022320000,0x0000000022420000],  sp=0x000000002241ebd0,  free space=1018k
Native frames: (J=compiled Java code, j=interpreted, Vv=VM code, C=native code)
C  [OpenAL64.dll+0x11066]
C  [OpenAL64.dll+0x1248f]
C  0x0000000002985e34

Java frames: (J=compiled Java code, j=interpreted, Vv=VM code)
j  org.lwjgl.openal.ALC10.nalcCreateContext(JJ)J+0
j  org.lwjgl.openal.ALC10.alcCreateContext(Lorg/lwjgl/openal/ALCdevice;Ljava/nio/IntBuffer;)Lorg/lwjgl/openal/ALCcontext;+8
j  org.lwjgl.openal.AL.init(Ljava/lang/String;IIZZ)V+69
j  org.lwjgl.openal.AL.create(Ljava/lang/String;IIZZ)V+227
j  org.lwjgl.openal.AL.create(Ljava/lang/String;IIZ)V+5
j  org.lwjgl.openal.AL.create()V+6
j  paulscode.sound.libraries.LibraryLWJGLOpenAL.init()V+2
j  paulscode.sound.SoundSystem.CommandNewLibrary(Ljava/lang/Class;)V+273
j  paulscode.sound.SoundSystem.CommandQueue(Lpaulscode/sound/CommandObject;)Z+1206
j  paulscode.sound.CommandThread.run()V+51
v  ~StubRoutines::call_stub

---------------  P R O C E S S  ---------------

Java Threads: ( => current thread )
  0x000000001c733800 JavaThread "Thread-10" [_thread_blocked, id=8428, stack(0x0000000028f70000,0x0000000029070000)]
=>0x000000001c730800 JavaThread "Thread-9" [_thread_in_native, id=8372, stack(0x0000000022320000,0x0000000022420000)]
  0x000000001c72f800 JavaThread "Sound Library Loader" [_thread_blocked, id=5672, stack(0x0000000022020000,0x0000000022120000)]
  0x000000001c732800 JavaThread "Chunk Batcher 1" daemon [_thread_blocked, id=7124, stack(0x0000000029170000,0x0000000029270000)]
  0x000000001c72f000 JavaThread "Chunk Batcher 0" daemon [_thread_blocked, id=7972, stack(0x0000000029070000,0x0000000029170000)]
  0x000000001e72f000 JavaThread "Java2D Disposer" daemon [_thread_blocked, id=1872, stack(0x000000001ccd0000,0x000000001cdd0000)]
  0x000000001a985800 JavaThread "Timer hack thread" daemon [_thread_blocked, id=8256, stack(0x000000001e2e0000,0x000000001e3e0000)]
  0x000000001d6b0000 JavaThread "Snooper Timer" daemon [_thread_blocked, id=656, stack(0x000000001cf80000,0x000000001d080000)]
  0x000000001d72d800 JavaThread "Snooper Timer" daemon [_thread_blocked, id=3668, stack(0x000000001c7b0000,0x000000001c8b0000)]
  0x0000000019b61800 JavaThread "Keep-Alive-Timer" daemon [_thread_blocked, id=9084, stack(0x000000001b5f0000,0x000000001b6f0000)]
  0x0000000018dca800 JavaThread "Service Thread" daemon [_thread_blocked, id=7292, stack(0x00000000191a0000,0x00000000192a0000)]
  0x000000001754b000 JavaThread "C1 CompilerThread2" daemon [_thread_blocked, id=7824, stack(0x0000000018ca0000,0x0000000018da0000)]
  0x0000000017544800 JavaThread "C2 CompilerThread1" daemon [_thread_blocked, id=8464, stack(0x0000000018ba0000,0x0000000018ca0000)]
  0x0000000017542800 JavaThread "C2 CompilerThread0" daemon [_thread_blocked, id=7804, stack(0x0000000018aa0000,0x0000000018ba0000)]
  0x0000000017540800 JavaThread "Attach Listener" daemon [_thread_blocked, id=8788, stack(0x00000000189a0000,0x0000000018aa0000)]
  0x000000001753f800 JavaThread "Signal Dispatcher" daemon [_thread_blocked, id=7412, stack(0x00000000188a0000,0x00000000189a0000)]
  0x0000000017509000 JavaThread "Finalizer" daemon [_thread_blocked, id=9088, stack(0x0000000018790000,0x0000000018890000)]
  0x0000000002964800 JavaThread "Reference Handler" daemon [_thread_blocked, id=8584, stack(0x0000000018690000,0x0000000018790000)]
  0x0000000002874800 JavaThread "Client thread" [_thread_in_native, id=9072, stack(0x0000000002770000,0x0000000002870000)]

Other Threads:
  0x0000000017508000 VMThread [stack: 0x0000000018590000,0x0000000018690000] [id=8352]
  0x0000000018de7000 WatcherThread [stack: 0x00000000192a0000,0x00000000193a0000] [id=8656]

VM state:not at safepoint (normal execution)

VM Mutex/Monitor currently owned by a thread: None

Heap:
 PSYoungGen      total 363008K, used 193621K [0x00000000d5800000, 0x00000000f1c80000, 0x0000000100000000)
  eden space 322560K, 52% used [0x00000000d5800000,0x00000000dfe03ae0,0x00000000e9300000)
  from space 40448K, 58% used [0x00000000e9300000,0x00000000eaa11c90,0x00000000eba80000)
  to   space 40960K, 0% used [0x00000000ef480000,0x00000000ef480000,0x00000000f1c80000)
 ParOldGen       total 196608K, used 117156K [0x0000000080800000, 0x000000008c800000, 0x00000000d5800000)
  object space 196608K, 59% used [0x0000000080800000,0x0000000087a69010,0x000000008c800000)
 Metaspace       used 33632K, capacity 33921K, committed 34304K, reserved 1079296K
  class space    used 4203K, capacity 4326K, committed 4352K, reserved 1048576K

Card table byte_map: [0x0000000011d30000,0x0000000012130000] byte_map_base: 0x000000001192c000

Marking Bits: (ParMarkBitMap*) 0x0000000054674040
 Begin Bits: [0x00000000127e0000, 0x00000000147c0000)
 End Bits:   [0x00000000147c0000, 0x00000000167a0000)

Polling page: 0x00000000025f0000

CodeCache: size=245760Kb used=14253Kb max_used=14283Kb free=231506Kb
 bounds [0x0000000002970000, 0x0000000003790000, 0x0000000011970000]
 total_blobs=4947 nmethods=4247 adapters=612
 compilation: enabled

Compilation events (10 events):
Event: 14.442 Thread 0x000000001754b000 nmethod 5332 0x0000000002ab4ed0 code [0x0000000002ab5060, 0x0000000002ab5470]
Event: 14.442 Thread 0x0000000017542800 nmethod 5328% 0x0000000002f40110 code [0x0000000002f40280, 0x0000000002f40b18]
Event: 14.462 Thread 0x000000001754b000 5333       3       net.minecraft.client.resources.DefaultResourcePack::func_152780_c (41 bytes)
Event: 14.463 Thread 0x000000001754b000 nmethod 5333 0x0000000002c2b650 code [0x0000000002c2b800, 0x0000000002c2bd38]
Event: 14.467 Thread 0x000000001754b000 5334   !   3       net.minecraft.client.audio.SoundHandler::loadSoundResource (454 bytes)
Event: 14.470 Thread 0x000000001754b000 nmethod 5334 0x0000000003787350 code [0x0000000003787960, 0x000000000378bc38]
Event: 14.470 Thread 0x000000001754b000 5335       3       net.minecraft.util.RegistrySimple::containsKey (11 bytes)
Event: 14.470 Thread 0x000000001754b000 nmethod 5335 0x0000000003138310 code [0x0000000003138480, 0x00000000031386a8]
Event: 14.586 Thread 0x000000001754b000 5336   !   3       java.io.FileInputStream::close (62 bytes)
Event: 14.587 Thread 0x000000001754b000 nmethod 5336 0x0000000002c2ac50 code [0x0000000002c2ade0, 0x0000000002c2b458]

GC Heap History (10 events):
Event: 9.055 GC heap before
{Heap before GC invocations=18 (full 2):
 PSYoungGen      total 195584K, used 177152K [0x00000000d5800000, 0x00000000e9200000, 0x0000000100000000)
  eden space 177152K, 100% used [0x00000000d5800000,0x00000000e0500000,0x00000000e0500000)
  from space 18432K, 0% used [0x00000000e0500000,0x00000000e0500000,0x00000000e1700000)
  to   space 18944K, 0% used [0x00000000e7f80000,0x00000000e7f80000,0x00000000e9200000)
 ParOldGen       total 110080K, used 54210K [0x0000000080800000, 0x0000000087380000, 0x00000000d5800000)
  object space 110080K, 49% used [0x0000000080800000,0x0000000083cf0960,0x0000000087380000)
 Metaspace       used 27549K, capacity 27861K, committed 28160K, reserved 1073152K
  class space    used 3471K, capacity 3547K, committed 3584K, reserved 1048576K
Event: 9.076 GC heap after
Heap after GC invocations=18 (full 2):
 PSYoungGen      total 266240K, used 18940K [0x00000000d5800000, 0x00000000e9200000, 0x0000000100000000)
  eden space 247296K, 0% used [0x00000000d5800000,0x00000000d5800000,0x00000000e4980000)
  from space 18944K, 99% used [0x00000000e7f80000,0x00000000e91ff0b8,0x00000000e9200000)
  to   space 26112K, 0% used [0x00000000e5f00000,0x00000000e5f00000,0x00000000e7880000)
 ParOldGen       total 110080K, used 65446K [0x0000000080800000, 0x0000000087380000, 0x00000000d5800000)
  object space 110080K, 59% used [0x0000000080800000,0x00000000847e9af8,0x0000000087380000)
 Metaspace       used 27549K, capacity 27861K, committed 28160K, reserved 1073152K
  class space    used 3471K, capacity 3547K, committed 3584K, reserved 1048576K
}
Event: 10.300 GC heap before
{Heap before GC invocations=19 (full 2):
 PSYoungGen      total 266240K, used 266236K [0x00000000d5800000, 0x00000000e9200000, 0x0000000100000000)
  eden space 247296K, 100% used [0x00000000d5800000,0x00000000e4980000,0x00000000e4980000)
  from space 18944K, 99% used [0x00000000e7f80000,0x00000000e91ff0b8,0x00000000e9200000)
  to   space 26112K, 0% used [0x00000000e5f00000,0x00000000e5f00000,0x00000000e7880000)
 ParOldGen       total 110080K, used 65446K [0x0000000080800000, 0x0000000087380000, 0x00000000d5800000)
  object space 110080K, 59% used [0x0000000080800000,0x00000000847e9af8,0x0000000087380000)
 Metaspace       used 27839K, capacity 28123K, committed 28544K, reserved 1075200K
  class space    used 3515K, capacity 3612K, committed 3712K, reserved 1048576K
Event: 10.334 GC heap after
Heap after GC invocations=19 (full 2):
 PSYoungGen      total 295424K, used 26095K [0x00000000d5800000, 0x00000000ef600000, 0x0000000100000000)
  eden space 269312K, 0% used [0x00000000d5800000,0x00000000d5800000,0x00000000e5f00000)
  from space 26112K, 99% used [0x00000000e5f00000,0x00000000e787bcc8,0x00000000e7880000)
  to   space 42496K, 0% used [0x00000000ecc80000,0x00000000ecc80000,0x00000000ef600000)
 ParOldGen       total 110080K, used 98633K [0x0000000080800000, 0x0000000087380000, 0x00000000d5800000)
  object space 110080K, 89% used [0x0000000080800000,0x00000000868526f8,0x0000000087380000)
 Metaspace       used 27839K, capacity 28123K, committed 28544K, reserved 1075200K
  class space    used 3515K, capacity 3612K, committed 3712K, reserved 1048576K
}
Event: 10.334 GC heap before
{Heap before GC invocations=20 (full 3):
 PSYoungGen      total 295424K, used 26095K [0x00000000d5800000, 0x00000000ef600000, 0x0000000100000000)
  eden space 269312K, 0% used [0x00000000d5800000,0x00000000d5800000,0x00000000e5f00000)
  from space 26112K, 99% used [0x00000000e5f00000,0x00000000e787bcc8,0x00000000e7880000)
  to   space 42496K, 0% used [0x00000000ecc80000,0x00000000ecc80000,0x00000000ef600000)
 ParOldGen       total 110080K, used 98633K [0x0000000080800000, 0x0000000087380000, 0x00000000d5800000)
  object space 110080K, 89% used [0x0000000080800000,0x00000000868526f8,0x0000000087380000)
 Metaspace       used 27839K, capacity 28123K, committed 28544K, reserved 1075200K
  class space    used 3515K, capacity 3612K, committed 3712K, reserved 1048576K
Event: 10.548 GC heap after
Heap after GC invocations=20 (full 3):
 PSYoungGen      total 295424K, used 0K [0x00000000d5800000, 0x00000000ef600000, 0x0000000100000000)
  eden space 269312K, 0% used [0x00000000d5800000,0x00000000d5800000,0x00000000e5f00000)
  from space 26112K, 0% used [0x00000000e5f00000,0x00000000e5f00000,0x00000000e7880000)
  to   space 42496K, 0% used [0x00000000ecc80000,0x00000000ecc80000,0x00000000ef600000)
 ParOldGen       total 196608K, used 110059K [0x0000000080800000, 0x000000008c800000, 0x00000000d5800000)
  object space 196608K, 55% used [0x0000000080800000,0x000000008737aeb0,0x000000008c800000)
 Metaspace       used 27839K, capacity 28123K, committed 28544K, reserved 1075200K
  class space    used 3515K, capacity 3612K, committed 3712K, reserved 1048576K
}
Event: 12.407 GC heap before
{Heap before GC invocations=21 (full 3):
 PSYoungGen      total 295424K, used 269312K [0x00000000d5800000, 0x00000000ef600000, 0x0000000100000000)
  eden space 269312K, 100% used [0x00000000d5800000,0x00000000e5f00000,0x00000000e5f00000)
  from space 26112K, 0% used [0x00000000e5f00000,0x00000000e5f00000,0x00000000e7880000)
  to   space 42496K, 0% used [0x00000000ecc80000,0x00000000ecc80000,0x00000000ef600000)
 ParOldGen       total 196608K, used 110059K [0x0000000080800000, 0x000000008c800000, 0x00000000d5800000)
  object space 196608K, 55% used [0x0000000080800000,0x000000008737aeb0,0x000000008c800000)
 Metaspace       used 30887K, capacity 31167K, committed 31488K, reserved 1077248K
  class space    used 3882K, capacity 4004K, committed 4096K, reserved 1048576K
Event: 12.420 GC heap after
Heap after GC invocations=21 (full 3):
 PSYoungGen      total 344576K, used 11922K [0x00000000d5800000, 0x00000000ee200000, 0x0000000100000000)
  eden space 322560K, 0% used [0x00000000d5800000,0x00000000d5800000,0x00000000e9300000)
  from space 22016K, 54% used [0x00000000ecc80000,0x00000000ed8248e8,0x00000000ee200000)
  to   space 40448K, 0% used [0x00000000e9300000,0x00000000e9300000,0x00000000eba80000)
 ParOldGen       total 196608K, used 110067K [0x0000000080800000, 0x000000008c800000, 0x00000000d5800000)
  object space 196608K, 55% used [0x0000000080800000,0x000000008737ceb0,0x000000008c800000)
 Metaspace       used 30887K, capacity 31167K, committed 31488K, reserved 1077248K
  class space    used 3882K, capacity 4004K, committed 4096K, reserved 1048576K
}
Event: 13.865 GC heap before
{Heap before GC invocations=22 (full 3):
 PSYoungGen      total 344576K, used 334482K [0x00000000d5800000, 0x00000000ee200000, 0x0000000100000000)
  eden space 322560K, 100% used [0x00000000d5800000,0x00000000e9300000,0x00000000e9300000)
  from space 22016K, 54% used [0x00000000ecc80000,0x00000000ed8248e8,0x00000000ee200000)
  to   space 40448K, 0% used [0x00000000e9300000,0x00000000e9300000,0x00000000eba80000)
 ParOldGen       total 196608K, used 110067K [0x0000000080800000, 0x000000008c800000, 0x00000000d5800000)
  object space 196608K, 55% used [0x0000000080800000,0x000000008737ceb0,0x000000008c800000)
 Metaspace       used 32541K, capacity 32895K, committed 33408K, reserved 1079296K
  class space    used 4025K, capacity 4132K, committed 4224K, reserved 1048576K
Event: 13.897 GC heap after
Heap after GC invocations=22 (full 3):
 PSYoungGen      total 363008K, used 23623K [0x00000000d5800000, 0x00000000f1c80000, 0x0000000100000000)
  eden space 322560K, 0% used [0x00000000d5800000,0x00000000d5800000,0x00000000e9300000)
  from space 40448K, 58% used [0x00000000e9300000,0x00000000eaa11c90,0x00000000eba80000)
  to   space 40960K, 0% used [0x00000000ef480000,0x00000000ef480000,0x00000000f1c80000)
 ParOldGen       total 196608K, used 117156K [0x0000000080800000, 0x000000008c800000, 0x00000000d5800000)
  object space 196608K, 59% used [0x0000000080800000,0x0000000087a69010,0x000000008c800000)
 Metaspace       used 32541K, capacity 32895K, committed 33408K, reserved 1079296K
  class space    used 4025K, capacity 4132K, committed 4224K, reserved 1048576K
}

Deoptimization events (10 events):
Event: 13.333 Thread 0x0000000002874800 Uncommon trap: reason=unstable_if action=reinterpret pc=0x00000000032e109c method=java.awt.image.ComponentColorModel.extractComponent(Ljava/lang/Object;II)I @ 4
Event: 13.333 Thread 0x0000000002874800 Uncommon trap: reason=unstable_if action=reinterpret pc=0x00000000034c6498 method=java.awt.image.ComponentColorModel.getAlpha(Ljava/lang/Object;)I @ 4
Event: 13.333 Thread 0x0000000002874800 Uncommon trap: reason=unstable_if action=reinterpret pc=0x0000000002bcdad0 method=java.awt.image.ComponentColorModel.getAlpha(Ljava/lang/Object;)I @ 4
Event: 13.480 Thread 0x0000000002874800 Uncommon trap: reason=unstable_if action=reinterpret pc=0x000000000366f6e4 method=net.minecraft.client.renderer.texture.Stitcher$Holder.getWidth()I @ 4
Event: 13.480 Thread 0x0000000002874800 Uncommon trap: reason=unstable_if action=reinterpret pc=0x0000000003666124 method=net.minecraft.client.renderer.texture.Stitcher$Holder.getHeight()I @ 4
Event: 13.684 Thread 0x0000000002874800 Uncommon trap: reason=unstable_if action=reinterpret pc=0x0000000002cfe14c method=java.util.HashMap$TreeNode.find(ILjava/lang/Object;Ljava/lang/Class;)Ljava/util/HashMap$TreeNode; @ 58
Event: 14.433 Thread 0x0000000002874800 Uncommon trap: reason=class_check action=maybe_recompile pc=0x0000000003518fe0 method=com.google.gson.reflect.TypeToken.<init>(Ljava/lang/reflect/Type;)V @ 9
Event: 14.433 Thread 0x0000000002874800 Uncommon trap: reason=class_check action=maybe_recompile pc=0x00000000032a8bb8 method=com.google.gson.internal.$Gson$Types.canonicalize(Ljava/lang/reflect/Type;)Ljava/lang/reflect/Type; @ 1
Event: 14.433 Thread 0x0000000002874800 Uncommon trap: reason=class_check action=maybe_recompile pc=0x00000000030a8978 method=com.google.gson.internal.$Gson$Types.getRawType(Ljava/lang/reflect/Type;)Ljava/lang/Class; @ 1
Event: 14.433 Thread 0x0000000002874800 Uncommon trap: reason=class_check action=maybe_recompile pc=0x00000000033e5418 method=com.google.gson.internal.$Gson$Types.equals(Ljava/lang/reflect/Type;Ljava/lang/reflect/Type;)Z @ 8

Internal exceptions (10 events):
Event: 14.633 Thread 0x000000001c730800 Exception <a 'org/lwjgl/LWJGLException'> (0x00000000defac628) thrown at [C:\re\workspace\8-2-build-windows-amd64-cygwin\jdk8u51\3951\hotspot\src\share\vm\prims\jni.cpp, line 709]
Event: 14.633 Thread 0x000000001c730800 Exception <a 'org/lwjgl/LWJGLException'> (0x00000000defacac8) thrown at [C:\re\workspace\8-2-build-windows-amd64-cygwin\jdk8u51\3951\hotspot\src\share\vm\prims\jni.cpp, line 709]
Event: 14.633 Thread 0x000000001c730800 Exception <a 'org/lwjgl/LWJGLException'> (0x00000000defacf38) thrown at [C:\re\workspace\8-2-build-windows-amd64-cygwin\jdk8u51\3951\hotspot\src\share\vm\prims\jni.cpp, line 709]
Event: 14.633 Thread 0x000000001c730800 Exception <a 'org/lwjgl/LWJGLException'> (0x00000000defad428) thrown at [C:\re\workspace\8-2-build-windows-amd64-cygwin\jdk8u51\3951\hotspot\src\share\vm\prims\jni.cpp, line 709]
Event: 14.633 Thread 0x000000001c730800 Exception <a 'org/lwjgl/LWJGLException'> (0x00000000defad9a8) thrown at [C:\re\workspace\8-2-build-windows-amd64-cygwin\jdk8u51\3951\hotspot\src\share\vm\prims\jni.cpp, line 709]
Event: 14.633 Thread 0x000000001c730800 Exception <a 'org/lwjgl/LWJGLException'> (0x00000000defadf38) thrown at [C:\re\workspace\8-2-build-windows-amd64-cygwin\jdk8u51\3951\hotspot\src\share\vm\prims\jni.cpp, line 709]
Event: 14.633 Thread 0x000000001c730800 Exception <a 'org/lwjgl/LWJGLException'> (0x00000000defae548) thrown at [C:\re\workspace\8-2-build-windows-amd64-cygwin\jdk8u51\3951\hotspot\src\share\vm\prims\jni.cpp, line 709]
Event: 14.633 Thread 0x000000001c730800 Exception <a 'org/lwjgl/LWJGLException'> (0x00000000defaeb68) thrown at [C:\re\workspace\8-2-build-windows-amd64-cygwin\jdk8u51\3951\hotspot\src\share\vm\prims\jni.cpp, line 709]
Event: 14.633 Thread 0x000000001c730800 Exception <a 'org/lwjgl/LWJGLException'> (0x00000000defaf1b0) thrown at [C:\re\workspace\8-2-build-windows-amd64-cygwin\jdk8u51\3951\hotspot\src\share\vm\prims\jni.cpp, line 709]
Event: 14.633 Thread 0x000000001c730800 Exception <a 'org/lwjgl/LWJGLException'> (0x00000000defaf6a8) thrown at [C:\re\workspace\8-2-build-windows-amd64-cygwin\jdk8u51\3951\hotspot\src\share\vm\prims\jni.cpp, line 709]

Events (10 events):
Event: 14.470 Thread 0x000000001754b000 flushing nmethod 0x000000000337a050
Event: 14.470 Thread 0x000000001754b000 flushing nmethod 0x000000000337b0d0
Event: 14.470 Thread 0x000000001754b000 flushing nmethod 0x0000000003391dd0
Event: 14.470 Thread 0x000000001754b000 flushing nmethod 0x00000000033923d0
Event: 14.470 Thread 0x000000001754b000 flushing nmethod 0x00000000033936d0
Event: 14.470 Thread 0x000000001754b000 flushing nmethod 0x00000000033b1fd0
Event: 14.587 Thread 0x000000001754b000 flushing nmethod 0x000000000341e750
Event: 14.631 Executing VM operation: RevokeBias
Event: 14.632 Executing VM operation: RevokeBias done
Event: 14.632 Thread 0x000000001c733800 Thread added: 0x000000001c733800


Dynamic libraries:
0x00007ff6f11b0000 - 0x00007ff6f11e7000 	C:\Program Files\Java\jre1.8.0_51\bin\javaw.exe
0x00007ffe84fa0000 - 0x00007ffe8514c000 	C:\WINDOWS\SYSTEM32\ntdll.dll
0x00007ffe84630000 - 0x00007ffe8476e000 	C:\WINDOWS\system32\KERNEL32.DLL
0x00007ffe82270000 - 0x00007ffe82385000 	C:\WINDOWS\system32\KERNELBASE.dll
0x00007ffe80c70000 - 0x00007ffe80cfe000 	C:\WINDOWS\system32\apphelp.dll
0x00007ffe70740000 - 0x00007ffe70793000 	C:\WINDOWS\AppPatch\AppPatch64\AcGenral.DLL
0x00007ffe84a80000 - 0x00007ffe84b2a000 	C:\WINDOWS\system32\msvcrt.dll
0x00007ffe81f20000 - 0x00007ffe81f4e000 	C:\WINDOWS\SYSTEM32\SspiCli.dll
0x00007ffe84940000 - 0x00007ffe84994000 	C:\WINDOWS\system32\SHLWAPI.dll
0x00007ffe84d50000 - 0x00007ffe84ec7000 	C:\WINDOWS\system32\USER32.dll
0x00007ffe82620000 - 0x00007ffe827b4000 	C:\WINDOWS\system32\ole32.dll
0x00007ffe82820000 - 0x00007ffe83d4b000 	C:\WINDOWS\system32\SHELL32.dll
0x00007ffe81690000 - 0x00007ffe816b1000 	C:\WINDOWS\SYSTEM32\USERENV.dll
0x00007ffe849a0000 - 0x00007ffe84a4a000 	C:\WINDOWS\system32\ADVAPI32.dll
0x00007ffe77a20000 - 0x00007ffe77a3e000 	C:\WINDOWS\SYSTEM32\MPR.dll
0x00007ffe84320000 - 0x00007ffe84461000 	C:\WINDOWS\system32\RPCRT4.dll
0x00007ffe84770000 - 0x00007ffe847c9000 	C:\WINDOWS\SYSTEM32\sechost.dll
0x00007ffe83d50000 - 0x00007ffe83f61000 	C:\WINDOWS\SYSTEM32\combase.dll
0x00007ffe84b40000 - 0x00007ffe84c8f000 	C:\WINDOWS\system32\GDI32.dll
0x00007ffe820f0000 - 0x00007ffe82105000 	C:\WINDOWS\SYSTEM32\profapi.dll
0x00007ffe806a0000 - 0x00007ffe80752000 	C:\WINDOWS\SYSTEM32\SHCORE.dll
0x00007ffe84830000 - 0x00007ffe84866000 	C:\WINDOWS\system32\IMM32.DLL
0x00007ffe83fe0000 - 0x00007ffe84132000 	C:\WINDOWS\system32\MSCTF.dll
0x00007ffe7f9b0000 - 0x00007ffe7fc2b000 	C:\WINDOWS\WinSxS\amd64_microsoft.windows.common-controls_6595b64144ccf1df_6.0.9600.18006_none_623f33d3ecbe86e8\COMCTL32.dll
0x0000000053c80000 - 0x0000000053d52000 	C:\Program Files\Java\jre1.8.0_51\bin\msvcr100.dll
0x0000000053e70000 - 0x00000000546f3000 	C:\Program Files\Java\jre1.8.0_51\bin\server\jvm.dll
0x00007ffe7a260000 - 0x00007ffe7a269000 	C:\WINDOWS\SYSTEM32\WSOCK32.dll
0x00007ffe7f8d0000 - 0x00007ffe7f8f2000 	C:\WINDOWS\SYSTEM32\WINMM.dll
0x00007ffe7f900000 - 0x00007ffe7f90a000 	C:\WINDOWS\SYSTEM32\VERSION.dll
0x00007ffe84870000 - 0x00007ffe84877000 	C:\WINDOWS\system32\PSAPI.DLL
0x00007ffe827c0000 - 0x00007ffe8281a000 	C:\WINDOWS\system32\WS2_32.dll
0x00007ffe7e640000 - 0x00007ffe7e66a000 	C:\WINDOWS\SYSTEM32\WINMMBASE.dll
0x00007ffe84a70000 - 0x00007ffe84a79000 	C:\WINDOWS\system32\NSI.dll
0x00007ffe821c0000 - 0x00007ffe8220f000 	C:\WINDOWS\SYSTEM32\cfgmgr32.dll
0x00007ffe80ee0000 - 0x00007ffe80f08000 	C:\WINDOWS\SYSTEM32\DEVOBJ.dll
0x0000000053e60000 - 0x0000000053e6f000 	C:\Program Files\Java\jre1.8.0_51\bin\verify.dll
0x0000000053e30000 - 0x0000000053e59000 	C:\Program Files\Java\jre1.8.0_51\bin\java.dll
0x0000000053e10000 - 0x0000000053e26000 	C:\Program Files\Java\jre1.8.0_51\bin\zip.dll
0x0000000053c70000 - 0x0000000053c7d000 	C:\Program Files\Java\jre1.8.0_51\bin\management.dll
0x0000000053df0000 - 0x0000000053e0a000 	C:\Program Files\Java\jre1.8.0_51\bin\net.dll
0x00007ffe81900000 - 0x00007ffe81959000 	C:\WINDOWS\system32\mswsock.dll
0x0000000053dd0000 - 0x0000000053de1000 	C:\Program Files\Java\jre1.8.0_51\bin\nio.dll
0x00007ffe77eb0000 - 0x00007ffe77ec5000 	C:\WINDOWS\system32\napinsp.dll
0x00007ffe77ed0000 - 0x00007ffe77eea000 	C:\WINDOWS\system32\pnrpnsp.dll
0x00007ffe7e880000 - 0x00007ffe7e89b000 	C:\WINDOWS\system32\NLAapi.dll
0x00007ffe81700000 - 0x00007ffe817a4000 	C:\WINDOWS\SYSTEM32\DNSAPI.dll
0x00007ffe77ef0000 - 0x00007ffe77efd000 	C:\WINDOWS\System32\winrnr.dll
0x0000000054700000 - 0x0000000054726000 	C:\Program Files\Bonjour\mdnsNSP.dll
0x00007ffe7c9a0000 - 0x00007ffe7c9ca000 	C:\WINDOWS\SYSTEM32\Iphlpapi.DLL
0x00007ffe7c980000 - 0x00007ffe7c98a000 	C:\WINDOWS\SYSTEM32\WINNSI.DLL
0x00007ffe784f0000 - 0x00007ffe784fa000 	C:\Windows\System32\rasadhlp.dll
0x00007ffe7c7c0000 - 0x00007ffe7c82b000 	C:\WINDOWS\System32\fwpuclnt.dll
0x0000000053da0000 - 0x0000000053dc4000 	C:\Program Files\Java\jre1.8.0_51\bin\sunec.dll
0x00007ffe81960000 - 0x00007ffe81980000 	C:\WINDOWS\SYSTEM32\CRYPTSP.dll
0x00007ffe81580000 - 0x00007ffe815b6000 	C:\WINDOWS\system32\rsaenh.dll
0x00007ffe81c10000 - 0x00007ffe81c36000 	C:\WINDOWS\SYSTEM32\bcrypt.dll
0x00007ffe81f50000 - 0x00007ffe81fb3000 	C:\WINDOWS\system32\bcryptprimitives.dll
0x00007ffe81fc0000 - 0x00007ffe81fcb000 	C:\WINDOWS\SYSTEM32\CRYPTBASE.dll
0x00007ffe7c680000 - 0x00007ffe7c696000 	C:\WINDOWS\SYSTEM32\dhcpcsvc6.DLL
0x00007ffe7c4f0000 - 0x00007ffe7c50a000 	C:\WINDOWS\SYSTEM32\dhcpcsvc.DLL
0x0000000180000000 - 0x0000000180051000 	C:\Users\linda\.gradle\caches\minecraft\net\minecraft\minecraft_natives\1.8\lwjgl64.dll
0x00007ffe6f530000 - 0x00007ffe6f65b000 	C:\WINDOWS\SYSTEM32\OPENGL32.dll
0x00007ffe70710000 - 0x00007ffe7073e000 	C:\WINDOWS\SYSTEM32\GLU32.dll
0x00007ffe6b800000 - 0x00007ffe6b8f8000 	C:\WINDOWS\SYSTEM32\DDRAW.dll
0x00007ffe7aaa0000 - 0x00007ffe7aaa9000 	C:\WINDOWS\SYSTEM32\DCIMAN32.dll
0x0000000053ad0000 - 0x0000000053c68000 	C:\Program Files\Java\jre1.8.0_51\bin\awt.dll
0x00007ffe84ed0000 - 0x00007ffe84f91000 	C:\WINDOWS\system32\OLEAUT32.dll
0x00007ffe80d60000 - 0x00007ffe80e89000 	C:\WINDOWS\system32\uxtheme.dll
0x00007ffe80430000 - 0x00007ffe80451000 	C:\WINDOWS\system32\dwmapi.dll
0x0000000051da0000 - 0x0000000053acd000 	C:\WINDOWS\SYSTEM32\nvoglv64.DLL
0x00007ffe84140000 - 0x00007ffe8431a000 	C:\WINDOWS\system32\SETUPAPI.dll
0x00007ffe82210000 - 0x00007ffe82261000 	C:\WINDOWS\system32\WINTRUST.dll
0x00007ffe82440000 - 0x00007ffe8261f000 	C:\WINDOWS\system32\CRYPT32.dll
0x00007ffe821a0000 - 0x00007ffe821b1000 	C:\WINDOWS\system32\MSASN1.dll
0x00007ffe7c020000 - 0x00007ffe7c052000 	C:\WINDOWS\SYSTEM32\ntmarta.dll
0x00007ffe82090000 - 0x00007ffe820d6000 	C:\WINDOWS\SYSTEM32\powrprof.dll
0x00007ffe80f30000 - 0x00007ffe80f3b000 	C:\WINDOWS\SYSTEM32\kernel.appcore.dll
0x00007ffe7f910000 - 0x00007ffe7f9a2000 	C:\WINDOWS\SYSTEM32\mscms.dll
0x00007ffe6fd10000 - 0x00007ffe6fd51000 	C:\WINDOWS\SYSTEM32\icm32.dll
0x00007ffe84880000 - 0x00007ffe84936000 	C:\WINDOWS\SYSTEM32\clbcatq.dll
0x0000000070a40000 - 0x0000000070adc000 	C:\Users\linda\.gradle\caches\minecraft\net\minecraft\minecraft_natives\1.8\avutil-ttv-51.dll
0x0000000065980000 - 0x00000000659d6000 	C:\Users\linda\.gradle\caches\minecraft\net\minecraft\minecraft_natives\1.8\swresample-ttv-0.dll
0x000000006eb80000 - 0x000000006ec50000 	C:\Users\linda\.gradle\caches\minecraft\net\minecraft\minecraft_natives\1.8\libmp3lame-ttv.dll
0x00007ffe64850000 - 0x00007ffe65bf4000 	C:\Users\linda\.gradle\caches\minecraft\net\minecraft\minecraft_natives\1.8\libmfxsw64.dll
0x00007ffe6b690000 - 0x00007ffe6b7fd000 	C:\Users\linda\.gradle\caches\minecraft\net\minecraft\minecraft_natives\1.8\twitchsdk.dll
0x00007ffe79c60000 - 0x00007ffe79ec9000 	C:\WINDOWS\SYSTEM32\WININET.dll
0x00007ffe79710000 - 0x00007ffe799d7000 	C:\WINDOWS\SYSTEM32\iertutil.dll
0x0000000022500000 - 0x0000000022564000 	C:\Users\linda\.gradle\caches\minecraft\net\minecraft\minecraft_natives\1.8\OpenAL64.dll
0x00007ffe7e5d0000 - 0x00007ffe7e640000 	C:\WINDOWS\System32\MMDevApi.dll
0x00007ffe6c100000 - 0x00007ffe6c19d000 	C:\WINDOWS\SYSTEM32\dsound.dll
0x00007ffe74f40000 - 0x00007ffe74fbe000 	C:\WINDOWS\SYSTEM32\AUDIOSES.DLL
0x00007ffe6fb60000 - 0x00007ffe6fce9000 	C:\WINDOWS\SYSTEM32\dbghelp.dll

VM Arguments:
jvm_args: -Dfml.ignoreInvalidMinecraftCertificates=true -Dfile.encoding=Cp1252 
java_command: GradleStart --username=greymerk --password=frasabr4
java_class_path (initial): C:\Users\linda\Documents\GitHub\minecraft-roguelike\bin;C:\Users\linda\.gradle\caches\minecraft\net\minecraftforge\forge\1.8-11.14.1.1320\snapshot\20141001\forgeSrc-1.8-11.14.1.1320.jar;C:\Users\linda\.gradle\caches\modules-2\files-2.1\net.minecraft\launchwrapper\1.11\9c0592c6e1e9ea296a70948081bd4cc84dda1289\launchwrapper-1.11.jar;C:\Users\linda\.gradle\caches\modules-2\files-2.1\org.ow2.asm\asm-debug-all\5.0.3\f9e364ae2a66ce2a543012a4668856e84e5dab74\asm-debug-all-5.0.3.jar;C:\Users\linda\.gradle\caches\modules-2\files-2.1\com.typesafe.akka\akka-actor_2.11\2.3.3\ed62e9fc709ca0f2ff1a3220daa8b70a2870078e\akka-actor_2.11-2.3.3.jar;C:\Users\linda\.gradle\caches\modules-2\files-2.1\com.typesafe\config\1.2.1\f771f71fdae3df231bcd54d5ca2d57f0bf93f467\config-1.2.1.jar;C:\Users\linda\.gradle\caches\modules-2\files-2.1\org.scala-lang\scala-actors-migration_2.11\1.1.0\dfa8bc42b181d5b9f1a5dd147f8ae308b893eb6f\scala-actors-migration_2.11-1.1.0.jar;C:\Users\linda\.gradle\caches\modules-2\files-2.1\org.scala-lang\scala-compiler\2.11.1\56ea2e6c025e0821f28d73ca271218b8dd04926a\scala-compiler-2.11.1.jar;C:\Users\linda\.gradle\caches\modules-2\files-2.1\org.scala-lang.plugins\scala-continuations-library_2.11\1.0.2\e517c53a7e9acd6b1668c5a35eccbaa3bab9aac\scala-continuations-library_2.11-1.0.2.jar;C:\Users\linda\.gradle\caches\modules-2\files-2.1\org.scala-lang.plugins\scala-continuations-plugin_2.11.1\1.0.2\f361a3283452c57fa30c1ee69448995de23c60f7\scala-continuations-plugin_2.11.1-1.0.2.jar;C:\Users\linda\.gradle\caches\modules-2\files-2.1\org.scala-lang\scala-library\2.11.1\e11da23da3eabab9f4777b9220e60d44c1aab6a\scala-library-2.11.1.jar;C:\Users\linda\.gradle\caches\modules-2\files-2.1\org.scala-lang\scala-parser-combinators_2.11\1.0.1\f05d7345bf5a58924f2837c6c1f4d73a938e1ff0\scala-parser-combinators_2.11-1.0.1.jar;C:\Users\linda\.gradle\caches\modules-2\files-2.1\org.scala-lang\scala-reflect\2.11.1\6580347e61cc7f8e802941e7fde40fa83b8badeb\scala-reflect-2
Launcher Type: SUN_STANDARD

Environment Variables:
PATH=C:/Program Files/Java/jre1.8.0_51/bin/server;C:/Program Files/Java/jre1.8.0_51/bin;C:/Program Files/Java/jre1.8.0_51/lib/amd64;C:\ProgramData\Oracle\Java\javapath;C:\Program Files (x86)\NVIDIA Corporation\PhysX\Common;C:\WINDOWS\system32;C:\WINDOWS;C:\WINDOWS\System32\Wbem;C:\WINDOWS\System32\WindowsPowerShell\v1.0\;C:\Program Files (x86)\QuickTime\QTSystem\;C:\Program Files (x86)\Common Files\Roxio Shared\DLLShared\;C:\Program Files (x86)\Common Files\Roxio Shared\DLLShared\;C:\Program Files (x86)\Common Files\Roxio Shared\VHStoDVD\DLLShared\;C:\Users\linda\Desktop\eclipse;
USERNAME=linda
OS=Windows_NT
PROCESSOR_IDENTIFIER=Intel64 Family 6 Model 58 Stepping 9, GenuineIntel



---------------  S Y S T E M  ---------------

OS: Windows 8.1 , 64 bit Build 9600 (6.3.9600.17415)

CPU:total 4 (4 cores per cpu, 1 threads per core) family 6 model 58 stepping 9, cmov, cx8, fxsr, mmx, sse, sse2, sse3, ssse3, sse4.1, sse4.2, popcnt, avx, aes, clmul, erms, tsc, tscinvbit, tscinv

Memory: 4k page, physical 8348864k(3666600k free), swap 12101668k(5723388k free)

vm_info: Java HotSpot(TM) 64-Bit Server VM (25.51-b03) for windows-amd64 JRE (1.8.0_51-b16), built on Jun  8 2015 18:03:07 by "java_re" with MS VC++ 10.0 (VS2010)

time: Sun Nov 15 22:24:04 2015
elapsed time: 14 seconds (0d 0h 0m 14s)

