#
# A fatal error has been detected by the Java Runtime Environment:
#
#  EXCEPTION_ACCESS_VIOLATION (0xc0000005) at pc=0x0000000021ec1066, pid=5400, tid=10312
#
# JRE version: Java(TM) SE Runtime Environment (8.0_51-b16) (build 1.8.0_51-b16)
# Java VM: Java HotSpot(TM) 64-Bit Server VM (25.51-b03 mixed mode windows-amd64 compressed oops)
# Problematic frame:
# C  [OpenAL64.dll+0x11066]
#
# Failed to write core dump. Minidumps are not enabled by default on client versions of Windows
#
# If you would like to submit a bug report, please visit:
#   http://bugreport.java.com/bugreport/crash.jsp
# The crash happened outside the Java Virtual Machine in native code.
# See problematic frame for where to report the bug.
#

---------------  T H R E A D  ---------------

Current thread (0x0000000018e03800):  JavaThread "Thread-8" [_thread_in_native, id=10312, stack(0x0000000024220000,0x0000000024320000)]

siginfo: ExceptionCode=0xc0000005, reading address 0x000000001f63c004

Registers:
RAX=0x0000000000000004, RBX=0x000000003bce0090, RCX=0x000000001f63c008, RDX=0x000000001f63c004
RSP=0x000000002431ec70, RBP=0x00000000000000ff, RSI=0x000000001f63b74c, RDI=0x0000000000000000
R8 =0x000000000000022e, R9 =0x000000001f63b74c, R10=0x0000000001ff5e08, R11=0x000000005a4f7bb0
R12=0x0000000000000001, R13=0x000000002d935aa8, R14=0x000000002431ee08, R15=0x0000000018e03800
RIP=0x0000000021ec1066, EFLAGS=0x0000000000010202

Top of Stack: (sp=0x000000002431ec70)
0x000000002431ec70:   0000000000000000 000000005a39b52b
0x000000002431ec80:   0000000018e03800 0000000018e03800
0x000000002431ec90:   000000002d935aa8 0000000000000000
0x000000002431eca0:   0000000018e03800 000000001f63a230
0x000000002431ecb0:   000000002d935aa8 000000002431ee08
0x000000002431ecc0:   000000001ca4e140 000000005a389836
0x000000002431ecd0:   000000002431f478 000000001c180140
0x000000002431ece0:   0000000018e03800 000000002431ee08
0x000000002431ecf0:   000000002d935aa8 0000000000000000
0x000000002431ed00:   000000001f63b74c 000000008081d138
0x000000002431ed10:   000000002431edd0 0000000021ec248f
0x000000002431ed20:   000000003bce0090 000000003bce0090
0x000000002431ed30:   000000000000ac44 0000000000000004
0x000000002431ed40:   0000000000000010 0000000001ff5e34
0x000000002431ed50:   000000002d935aa8 0000000001ff5b9d
0x000000002431ed60:   0000000018e03800 000000002d935aa8 

Instructions: (pc=0x0000000021ec1066)
0x0000000021ec1046:   41 2b ec 81 3a 03 00 02 00 75 09 8b 01 89 84 24
0x0000000021ec1056:   c8 00 00 00 49 83 c0 02 48 83 c1 08 4a 8d 14 86
0x0000000021ec1066:   39 3a 75 af 4c 8d 84 24 c0 00 00 00 48 8d 15 d7
0x0000000021ec1076:   2b 03 00 33 c9 e8 58 5f 00 00 b8 40 1f 00 00 4c 


Register to memory mapping:

RAX=0x0000000000000004 is an unknown value
RBX=0x000000003bce0090 is an unknown value
RCX=0x000000001f63c008 is an unknown value
RDX=0x000000001f63c004 is an unknown value
RSP=0x000000002431ec70 is pointing into the stack for thread: 0x0000000018e03800
RBP=0x00000000000000ff is an unknown value
RSI=0x000000001f63b74c is an unknown value
RDI=0x0000000000000000 is an unknown value
R8 =0x000000000000022e is an unknown value
R9 =0x000000001f63b74c is an unknown value
R10=0x0000000001ff5e08 is at code_begin+840 in an Interpreter codelet
method entry point (kind = native)  [0x0000000001ff5ac0, 0x0000000001ff6420]  2400 bytes
R11=0x000000005a4f7bb0 is an unknown value
R12=0x0000000000000001 is an unknown value
R13={method} {0x000000002d935ab0} 'nalcCreateContext' '(JJ)J' in 'org/lwjgl/openal/ALC10'
R14=0x000000002431ee08 is pointing into the stack for thread: 0x0000000018e03800
R15=0x0000000018e03800 is a thread


Stack: [0x0000000024220000,0x0000000024320000],  sp=0x000000002431ec70,  free space=1019k
Native frames: (J=compiled Java code, j=interpreted, Vv=VM code, C=native code)
C  [OpenAL64.dll+0x11066]
C  [OpenAL64.dll+0x1248f]
C  0x0000000001ff5e34

Java frames: (J=compiled Java code, j=interpreted, Vv=VM code)
j  org.lwjgl.openal.ALC10.nalcCreateContext(JJ)J+0
j  org.lwjgl.openal.ALC10.alcCreateContext(Lorg/lwjgl/openal/ALCdevice;Ljava/nio/IntBuffer;)Lorg/lwjgl/openal/ALCcontext;+8
j  org.lwjgl.openal.AL.init(Ljava/lang/String;IIZZ)V+69
j  org.lwjgl.openal.AL.create(Ljava/lang/String;IIZZ)V+227
j  org.lwjgl.openal.AL.create(Ljava/lang/String;IIZ)V+5
j  org.lwjgl.openal.AL.create()V+6
j  paulscode.sound.libraries.LibraryLWJGLOpenAL.init()V+2
j  paulscode.sound.SoundSystem.CommandNewLibrary(Ljava/lang/Class;)V+273
j  paulscode.sound.SoundSystem.CommandQueue(Lpaulscode/sound/CommandObject;)Z+1206
j  paulscode.sound.CommandThread.run()V+51
v  ~StubRoutines::call_stub

---------------  P R O C E S S  ---------------

Java Threads: ( => current thread )
  0x0000000018dfd800 JavaThread "Thread-9" [_thread_blocked, id=5468, stack(0x0000000024020000,0x0000000024120000)]
  0x0000000018e03000 JavaThread "Keep-Alive-Timer" daemon [_thread_blocked, id=10072, stack(0x0000000026f70000,0x0000000027070000)]
=>0x0000000018e03800 JavaThread "Thread-8" [_thread_in_native, id=10312, stack(0x0000000024220000,0x0000000024320000)]
  0x0000000018dfe800 JavaThread "Sound Library Loader" [_thread_blocked, id=11164, stack(0x0000000024120000,0x0000000024220000)]
  0x0000000018e3e800 JavaThread "LWJGL Timer" daemon [_thread_blocked, id=10712, stack(0x00000000226d0000,0x00000000227d0000)]
  0x000000001e9e6000 JavaThread "Thread-6" [_thread_blocked, id=9316, stack(0x0000000021d70000,0x0000000021e70000)]
  0x000000001c044800 JavaThread "Java2D Disposer" daemon [_thread_blocked, id=10792, stack(0x000000001ef30000,0x000000001f030000)]
  0x000000001dbeb800 JavaThread "Timer hack thread" daemon [_thread_blocked, id=10376, stack(0x000000001c460000,0x000000001c560000)]
  0x000000001f520800 JavaThread "Snooper Timer" daemon [_thread_blocked, id=1752, stack(0x000000001b160000,0x000000001b260000)]
  0x000000001842c800 JavaThread "Service Thread" daemon [_thread_blocked, id=9364, stack(0x0000000018800000,0x0000000018900000)]
  0x0000000016bba000 JavaThread "C1 CompilerThread2" daemon [_thread_blocked, id=9416, stack(0x0000000018300000,0x0000000018400000)]
  0x0000000016bb6800 JavaThread "C2 CompilerThread1" daemon [_thread_in_native, id=10352, stack(0x0000000018200000,0x0000000018300000)]
  0x0000000016bb4800 JavaThread "C2 CompilerThread0" daemon [_thread_in_native, id=6068, stack(0x0000000018100000,0x0000000018200000)]
  0x0000000016bb2800 JavaThread "Attach Listener" daemon [_thread_blocked, id=10808, stack(0x0000000018000000,0x0000000018100000)]
  0x0000000016bb1800 JavaThread "Signal Dispatcher" daemon [_thread_blocked, id=11060, stack(0x0000000017f00000,0x0000000018000000)]
  0x0000000001fdc000 JavaThread "Finalizer" daemon [_thread_blocked, id=10160, stack(0x0000000017e00000,0x0000000017f00000)]
  0x0000000001fd3000 JavaThread "Reference Handler" daemon [_thread_blocked, id=9108, stack(0x0000000017d00000,0x0000000017e00000)]
  0x0000000001ee4800 JavaThread "Client thread" [_thread_in_native, id=10448, stack(0x0000000001de0000,0x0000000001ee0000)]

Other Threads:
  0x0000000016b78000 VMThread [stack: 0x0000000017c00000,0x0000000017d00000] [id=11144]
  0x0000000018432800 WatcherThread [stack: 0x0000000018900000,0x0000000018a00000] [id=2584]

VM state:not at safepoint (normal execution)

VM Mutex/Monitor currently owned by a thread: None

Heap:
 PSYoungGen      total 378368K, used 228533K [0x00000000d5800000, 0x00000000f6780000, 0x0000000100000000)
  eden space 337920K, 55% used [0x00000000d5800000,0x00000000e0fb2bb0,0x00000000ea200000)
  from space 40448K, 99% used [0x00000000ea200000,0x00000000ec97ab38,0x00000000ec980000)
  to   space 56832K, 0% used [0x00000000f3000000,0x00000000f3000000,0x00000000f6780000)
 ParOldGen       total 186880K, used 114021K [0x0000000080800000, 0x000000008be80000, 0x00000000d5800000)
  object space 186880K, 61% used [0x0000000080800000,0x00000000877594f0,0x000000008be80000)
 Metaspace       used 29954K, capacity 30213K, committed 30464K, reserved 1075200K
  class space    used 3704K, capacity 3811K, committed 3840K, reserved 1048576K

Card table byte_map: [0x00000000113a0000,0x00000000117a0000] byte_map_base: 0x0000000010f9c000

Marking Bits: (ParMarkBitMap*) 0x000000005aad4040
 Begin Bits: [0x0000000011e50000, 0x0000000013e30000)
 End Bits:   [0x0000000013e30000, 0x0000000015e10000)

Polling page: 0x00000000003d0000

CodeCache: size=245760Kb used=13064Kb max_used=13189Kb free=232695Kb
 bounds [0x0000000001fe0000, 0x0000000002ce0000, 0x0000000010fe0000]
 total_blobs=4044 nmethods=3385 adapters=569
 compilation: enabled

Compilation events (10 events):
Event: 15.919 Thread 0x0000000016bb6800 nmethod 4141 0x0000000002ccca90 code [0x0000000002ccce20, 0x0000000002ccfb08]
Event: 15.919 Thread 0x0000000016bb6800 4146       4       java.util.regex.Matcher::group (112 bytes)
Event: 15.924 Thread 0x0000000016bb6800 nmethod 4146 0x0000000002cb7fd0 code [0x0000000002cb8140, 0x0000000002cb8698]
Event: 15.924 Thread 0x0000000016bb6800 4153       4       org.objectweb.asm.ClassWriter::newMethodItem (91 bytes)
Event: 15.944 Thread 0x0000000016bba000 4156       3       java.util.Formatter$FormatSpecifier::print (243 bytes)
Event: 15.944 Thread 0x0000000016bba000 nmethod 4156 0x000000000220d010 code [0x000000000220d260, 0x000000000220db28]
Event: 15.945 Thread 0x0000000016bba000 4157       3       java.util.Formatter$Conversion::isValid (47 bytes)
Event: 15.945 Thread 0x0000000016bba000 nmethod 4157 0x00000000021c1090 code [0x00000000021c1220, 0x00000000021c1668]
Event: 15.945 Thread 0x0000000016bba000 4158       3       java.lang.Class::resolveName (99 bytes)
Event: 15.946 Thread 0x0000000016bba000 nmethod 4158 0x0000000002ccaf10 code [0x0000000002ccb1a0, 0x0000000002ccc3f8]

GC Heap History (10 events):
Event: 6.722 GC heap before
{Heap before GC invocations=10 (full 2):
 PSYoungGen      total 260608K, used 9656K [0x00000000d5800000, 0x00000000e6600000, 0x0000000100000000)
  eden space 245760K, 0% used [0x00000000d5800000,0x00000000d5800000,0x00000000e4800000)
  from space 14848K, 65% used [0x00000000e5780000,0x00000000e60ee150,0x00000000e6600000)
  to   space 15360K, 0% used [0x00000000e4800000,0x00000000e4800000,0x00000000e5700000)
 ParOldGen       total 87552K, used 28210K [0x0000000080800000, 0x0000000085d80000, 0x00000000d5800000)
  object space 87552K, 32% used [0x0000000080800000,0x000000008238caa0,0x0000000085d80000)
 Metaspace       used 24867K, capacity 25158K, committed 25344K, reserved 1071104K
  class space    used 3156K, capacity 3291K, committed 3328K, reserved 1048576K
Event: 6.787 GC heap after
Heap after GC invocations=10 (full 2):
 PSYoungGen      total 260608K, used 0K [0x00000000d5800000, 0x00000000e6600000, 0x0000000100000000)
  eden space 245760K, 0% used [0x00000000d5800000,0x00000000d5800000,0x00000000e4800000)
  from space 14848K, 0% used [0x00000000e5780000,0x00000000e5780000,0x00000000e6600000)
  to   space 15360K, 0% used [0x00000000e4800000,0x00000000e4800000,0x00000000e5700000)
 ParOldGen       total 89088K, used 30700K [0x0000000080800000, 0x0000000085f00000, 0x00000000d5800000)
  object space 89088K, 34% used [0x0000000080800000,0x00000000825fb370,0x0000000085f00000)
 Metaspace       used 24867K, capacity 25158K, committed 25344K, reserved 1071104K
  class space    used 3156K, capacity 3291K, committed 3328K, reserved 1048576K
}
Event: 9.508 GC heap before
{Heap before GC invocations=11 (full 2):
 PSYoungGen      total 260608K, used 245760K [0x00000000d5800000, 0x00000000e6600000, 0x0000000100000000)
  eden space 245760K, 100% used [0x00000000d5800000,0x00000000e4800000,0x00000000e4800000)
  from space 14848K, 0% used [0x00000000e5780000,0x00000000e5780000,0x00000000e6600000)
  to   space 15360K, 0% used [0x00000000e4800000,0x00000000e4800000,0x00000000e5700000)
 ParOldGen       total 89088K, used 30700K [0x0000000080800000, 0x0000000085f00000, 0x00000000d5800000)
  object space 89088K, 34% used [0x0000000080800000,0x00000000825fb370,0x0000000085f00000)
 Metaspace       used 27481K, capacity 27745K, committed 28160K, reserved 1073152K
  class space    used 3392K, capacity 3483K, committed 3584K, reserved 1048576K
Event: 9.533 GC heap after
Heap after GC invocations=11 (full 2):
 PSYoungGen      total 261120K, used 15356K [0x00000000d5800000, 0x00000000ef100000, 0x0000000100000000)
  eden space 245760K, 0% used [0x00000000d5800000,0x00000000d5800000,0x00000000e4800000)
  from space 15360K, 99% used [0x00000000e4800000,0x00000000e56ff3c8,0x00000000e5700000)
  to   space 22528K, 0% used [0x00000000edb00000,0x00000000edb00000,0x00000000ef100000)
 ParOldGen       total 89088K, used 43216K [0x0000000080800000, 0x0000000085f00000, 0x00000000d5800000)
  object space 89088K, 48% used [0x0000000080800000,0x00000000832342e8,0x0000000085f00000)
 Metaspace       used 27481K, capacity 27745K, committed 28160K, reserved 1073152K
  class space    used 3392K, capacity 3483K, committed 3584K, reserved 1048576K
}
Event: 12.270 GC heap before
{Heap before GC invocations=12 (full 2):
 PSYoungGen      total 261120K, used 261116K [0x00000000d5800000, 0x00000000ef100000, 0x0000000100000000)
  eden space 245760K, 100% used [0x00000000d5800000,0x00000000e4800000,0x00000000e4800000)
  from space 15360K, 99% used [0x00000000e4800000,0x00000000e56ff3c8,0x00000000e5700000)
  to   space 22528K, 0% used [0x00000000edb00000,0x00000000edb00000,0x00000000ef100000)
 ParOldGen       total 89088K, used 43216K [0x0000000080800000, 0x0000000085f00000, 0x00000000d5800000)
  object space 89088K, 48% used [0x0000000080800000,0x00000000832342e8,0x0000000085f00000)
 Metaspace       used 27531K, capacity 27809K, committed 28160K, reserved 1073152K
  class space    used 3392K, capacity 3483K, committed 3584K, reserved 1048576K
Event: 12.310 GC heap after
Heap after GC invocations=12 (full 2):
 PSYoungGen      total 345600K, used 22499K [0x00000000d5800000, 0x00000000ef100000, 0x0000000100000000)
  eden space 323072K, 0% used [0x00000000d5800000,0x00000000d5800000,0x00000000e9380000)
  from space 22528K, 99% used [0x00000000edb00000,0x00000000ef0f8fb8,0x00000000ef100000)
  to   space 40448K, 0% used [0x00000000ea200000,0x00000000ea200000,0x00000000ec980000)
 ParOldGen       total 89088K, used 83685K [0x0000000080800000, 0x0000000085f00000, 0x00000000d5800000)
  object space 89088K, 93% used [0x0000000080800000,0x00000000859b9720,0x0000000085f00000)
 Metaspace       used 27531K, capacity 27809K, committed 28160K, reserved 1073152K
  class space    used 3392K, capacity 3483K, committed 3584K, reserved 1048576K
}
Event: 12.310 GC heap before
{Heap before GC invocations=13 (full 3):
 PSYoungGen      total 345600K, used 22499K [0x00000000d5800000, 0x00000000ef100000, 0x0000000100000000)
  eden space 323072K, 0% used [0x00000000d5800000,0x00000000d5800000,0x00000000e9380000)
  from space 22528K, 99% used [0x00000000edb00000,0x00000000ef0f8fb8,0x00000000ef100000)
  to   space 40448K, 0% used [0x00000000ea200000,0x00000000ea200000,0x00000000ec980000)
 ParOldGen       total 89088K, used 83685K [0x0000000080800000, 0x0000000085f00000, 0x00000000d5800000)
  object space 89088K, 93% used [0x0000000080800000,0x00000000859b9720,0x0000000085f00000)
 Metaspace       used 27531K, capacity 27809K, committed 28160K, reserved 1073152K
  class space    used 3392K, capacity 3483K, committed 3584K, reserved 1048576K
Event: 12.399 GC heap after
Heap after GC invocations=13 (full 3):
 PSYoungGen      total 345600K, used 0K [0x00000000d5800000, 0x00000000ef100000, 0x0000000100000000)
  eden space 323072K, 0% used [0x00000000d5800000,0x00000000d5800000,0x00000000e9380000)
  from space 22528K, 0% used [0x00000000edb00000,0x00000000edb00000,0x00000000ef100000)
  to   space 40448K, 0% used [0x00000000ea200000,0x00000000ea200000,0x00000000ec980000)
 ParOldGen       total 186880K, used 87520K [0x0000000080800000, 0x000000008be80000, 0x00000000d5800000)
  object space 186880K, 46% used [0x0000000080800000,0x0000000085d78358,0x000000008be80000)
 Metaspace       used 27531K, capacity 27809K, committed 28160K, reserved 1073152K
  class space    used 3392K, capacity 3483K, committed 3584K, reserved 1048576K
}
Event: 14.451 GC heap before
{Heap before GC invocations=14 (full 3):
 PSYoungGen      total 345600K, used 323072K [0x00000000d5800000, 0x00000000ef100000, 0x0000000100000000)
  eden space 323072K, 100% used [0x00000000d5800000,0x00000000e9380000,0x00000000e9380000)
  from space 22528K, 0% used [0x00000000edb00000,0x00000000edb00000,0x00000000ef100000)
  to   space 40448K, 0% used [0x00000000ea200000,0x00000000ea200000,0x00000000ec980000)
 ParOldGen       total 186880K, used 87520K [0x0000000080800000, 0x000000008be80000, 0x00000000d5800000)
  object space 186880K, 46% used [0x0000000080800000,0x0000000085d78358,0x000000008be80000)
 Metaspace       used 27589K, capacity 27873K, committed 28160K, reserved 1073152K
  class space    used 3392K, capacity 3483K, committed 3584K, reserved 1048576K
Event: 14.503 GC heap after
Heap after GC invocations=14 (full 3):
 PSYoungGen      total 378368K, used 40426K [0x00000000d5800000, 0x00000000f6780000, 0x0000000100000000)
  eden space 337920K, 0% used [0x00000000d5800000,0x00000000d5800000,0x00000000ea200000)
  from space 40448K, 99% used [0x00000000ea200000,0x00000000ec97ab38,0x00000000ec980000)
  to   space 56832K, 0% used [0x00000000f3000000,0x00000000f3000000,0x00000000f6780000)
 ParOldGen       total 186880K, used 114021K [0x0000000080800000, 0x000000008be80000, 0x00000000d5800000)
  object space 186880K, 61% used [0x0000000080800000,0x00000000877594f0,0x000000008be80000)
 Metaspace       used 27589K, capacity 27873K, committed 28160K, reserved 1073152K
  class space    used 3392K, capacity 3483K, committed 3584K, reserved 1048576K
}

Deoptimization events (10 events):
Event: 15.513 Thread 0x0000000001ee4800 Uncommon trap: reason=unstable_if action=reinterpret pc=0x000000000294e414 method=java.util.HashMap.putMapEntries(Ljava/util/Map;Z)V @ 15
Event: 15.551 Thread 0x0000000001ee4800 Uncommon trap: reason=unstable_if action=reinterpret pc=0x00000000026da67c method=org.objectweb.asm.MethodWriter.<init>(Lorg/objectweb/asm/ClassWriter;ILjava/lang/String;Ljava/lang/String;Ljava/lang/String;[Ljava/lang/String;ZZ)V @ 180
Event: 15.551 Thread 0x0000000001ee4800 Uncommon trap: reason=unstable_if action=reinterpret pc=0x0000000002941420 method=org.objectweb.asm.MethodWriter.visitVarInsn(II)V @ 15
Event: 15.551 Thread 0x0000000001ee4800 Uncommon trap: reason=unstable_if action=reinterpret pc=0x00000000028745e8 method=org.objectweb.asm.MethodWriter.visitMethodInsn(ILjava/lang/String;Ljava/lang/String;Ljava/lang/String;Z)V @ 37
Event: 15.551 Thread 0x0000000001ee4800 Uncommon trap: reason=unstable_if action=reinterpret pc=0x00000000028d44dc method=org.objectweb.asm.MethodWriter.visitInsn(I)V @ 24
Event: 15.551 Thread 0x0000000001ee4800 Uncommon trap: reason=unstable_if action=reinterpret pc=0x00000000028d6dac method=org.objectweb.asm.MethodWriter.visitMaxs(II)V @ 627
Event: 15.551 Thread 0x0000000001ee4800 Uncommon trap: reason=unstable_if action=reinterpret pc=0x0000000002ab0a30 method=org.objectweb.asm.MethodWriter.visitTypeInsn(ILjava/lang/String;)V @ 24
Event: 15.637 Thread 0x0000000001ee4800 Uncommon trap: reason=unstable_if action=reinterpret pc=0x00000000029ab620 method=org.objectweb.asm.Type.getArgumentsAndReturnSizes(Ljava/lang/String;)I @ 100
Event: 15.659 Thread 0x0000000018dfe800 Uncommon trap: reason=unstable_if action=reinterpret pc=0x0000000002271248 method=java.lang.ThreadLocal.get()Ljava/lang/Object; @ 11
Event: 15.671 Thread 0x0000000018dfd800 Uncommon trap: reason=unstable_if action=reinterpret pc=0x000000000261f77c method=sun.net.www.MessageHeader.grow()V @ 4

Internal exceptions (10 events):
Event: 15.927 Thread 0x0000000018e03800 Exception <a 'org/lwjgl/LWJGLException'> (0x00000000e076a2d8) thrown at [C:\re\workspace\8-2-build-windows-amd64-cygwin\jdk8u51\3951\hotspot\src\share\vm\prims\jni.cpp, line 709]
Event: 15.927 Thread 0x0000000018e03800 Exception <a 'org/lwjgl/LWJGLException'> (0x00000000e076a778) thrown at [C:\re\workspace\8-2-build-windows-amd64-cygwin\jdk8u51\3951\hotspot\src\share\vm\prims\jni.cpp, line 709]
Event: 15.927 Thread 0x0000000018e03800 Exception <a 'org/lwjgl/LWJGLException'> (0x00000000e076abe8) thrown at [C:\re\workspace\8-2-build-windows-amd64-cygwin\jdk8u51\3951\hotspot\src\share\vm\prims\jni.cpp, line 709]
Event: 15.927 Thread 0x0000000018e03800 Exception <a 'org/lwjgl/LWJGLException'> (0x00000000e076b0d8) thrown at [C:\re\workspace\8-2-build-windows-amd64-cygwin\jdk8u51\3951\hotspot\src\share\vm\prims\jni.cpp, line 709]
Event: 15.927 Thread 0x0000000018e03800 Exception <a 'org/lwjgl/LWJGLException'> (0x00000000e076b658) thrown at [C:\re\workspace\8-2-build-windows-amd64-cygwin\jdk8u51\3951\hotspot\src\share\vm\prims\jni.cpp, line 709]
Event: 15.927 Thread 0x0000000018e03800 Exception <a 'org/lwjgl/LWJGLException'> (0x00000000e076bbe8) thrown at [C:\re\workspace\8-2-build-windows-amd64-cygwin\jdk8u51\3951\hotspot\src\share\vm\prims\jni.cpp, line 709]
Event: 15.927 Thread 0x0000000018e03800 Exception <a 'org/lwjgl/LWJGLException'> (0x00000000e076c1f8) thrown at [C:\re\workspace\8-2-build-windows-amd64-cygwin\jdk8u51\3951\hotspot\src\share\vm\prims\jni.cpp, line 709]
Event: 15.927 Thread 0x0000000018e03800 Exception <a 'org/lwjgl/LWJGLException'> (0x00000000e076c818) thrown at [C:\re\workspace\8-2-build-windows-amd64-cygwin\jdk8u51\3951\hotspot\src\share\vm\prims\jni.cpp, line 709]
Event: 15.927 Thread 0x0000000018e03800 Exception <a 'org/lwjgl/LWJGLException'> (0x00000000e076ce60) thrown at [C:\re\workspace\8-2-build-windows-amd64-cygwin\jdk8u51\3951\hotspot\src\share\vm\prims\jni.cpp, line 709]
Event: 15.927 Thread 0x0000000018e03800 Exception <a 'org/lwjgl/LWJGLException'> (0x00000000e076d358) thrown at [C:\re\workspace\8-2-build-windows-amd64-cygwin\jdk8u51\3951\hotspot\src\share\vm\prims\jni.cpp, line 709]

Events (10 events):
Event: 15.939 loading class org/lwjgl/openal/ALCdevice
Event: 15.939 loading class org/lwjgl/openal/ALCdevice done
Event: 15.940 loading class org/lwjgl/openal/ALCcontext
Event: 15.940 loading class org/lwjgl/openal/ALCcontext done
Event: 15.940 loading class org/lwjgl/openal/Util
Event: 15.940 loading class org/lwjgl/openal/Util done
Event: 15.941 loading class org/lwjgl/openal/OpenALException
Event: 15.941 loading class org/lwjgl/openal/OpenALException done
Event: 15.944 Thread 0x0000000016bba000 flushing nmethod 0x000000000225f150
Event: 15.944 Thread 0x0000000016bba000 flushing nmethod 0x000000000229a410


Dynamic libraries:
0x00007ff6c2c90000 - 0x00007ff6c2cc7000 	C:\Program Files\Java\jre1.8.0_51\bin\javaw.exe
0x00007ff8694d0000 - 0x00007ff86967c000 	C:\WINDOWS\SYSTEM32\ntdll.dll
0x00007ff866e00000 - 0x00007ff866f3e000 	C:\WINDOWS\system32\KERNEL32.DLL
0x00007ff866a30000 - 0x00007ff866b45000 	C:\WINDOWS\system32\KERNELBASE.dll
0x00007ff8651a0000 - 0x00007ff86522e000 	C:\WINDOWS\system32\apphelp.dll
0x00007ff854b30000 - 0x00007ff854b83000 	C:\WINDOWS\AppPatch\AppPatch64\AcGenral.DLL
0x00007ff867a00000 - 0x00007ff867aaa000 	C:\WINDOWS\system32\msvcrt.dll
0x00007ff8663e0000 - 0x00007ff86640e000 	C:\WINDOWS\SYSTEM32\SspiCli.dll
0x00007ff867130000 - 0x00007ff867184000 	C:\WINDOWS\system32\SHLWAPI.dll
0x00007ff867480000 - 0x00007ff8675f7000 	C:\WINDOWS\system32\USER32.dll
0x00007ff869200000 - 0x00007ff869394000 	C:\WINDOWS\system32\ole32.dll
0x00007ff867b70000 - 0x00007ff86909b000 	C:\WINDOWS\system32\SHELL32.dll
0x00007ff865bc0000 - 0x00007ff865be1000 	C:\WINDOWS\SYSTEM32\USERENV.dll
0x00007ff8693a0000 - 0x00007ff86944a000 	C:\WINDOWS\system32\ADVAPI32.dll
0x00007ff85c1a0000 - 0x00007ff85c1be000 	C:\WINDOWS\SYSTEM32\MPR.dll
0x00007ff867890000 - 0x00007ff8679d1000 	C:\WINDOWS\system32\RPCRT4.dll
0x00007ff8673c0000 - 0x00007ff867419000 	C:\WINDOWS\SYSTEM32\sechost.dll
0x00007ff867660000 - 0x00007ff867871000 	C:\WINDOWS\SYSTEM32\combase.dll
0x00007ff867190000 - 0x00007ff8672df000 	C:\WINDOWS\system32\GDI32.dll
0x00007ff866620000 - 0x00007ff866635000 	C:\WINDOWS\SYSTEM32\profapi.dll
0x00007ff864e00000 - 0x00007ff864eb2000 	C:\WINDOWS\SYSTEM32\SHCORE.dll
0x00007ff8670f0000 - 0x00007ff867126000 	C:\WINDOWS\system32\IMM32.DLL
0x00007ff8690a0000 - 0x00007ff8691f2000 	C:\WINDOWS\system32\MSCTF.dll
0x00007ff8642e0000 - 0x00007ff86455b000 	C:\WINDOWS\WinSxS\amd64_microsoft.windows.common-controls_6595b64144ccf1df_6.0.9600.18006_none_623f33d3ecbe86e8\COMCTL32.dll
0x000000005c870000 - 0x000000005c942000 	C:\Program Files\Java\jre1.8.0_51\bin\msvcr100.dll
0x000000005a2d0000 - 0x000000005ab53000 	C:\Program Files\Java\jre1.8.0_51\bin\server\jvm.dll
0x00007ff85e880000 - 0x00007ff85e889000 	C:\WINDOWS\SYSTEM32\WSOCK32.dll
0x00007ff863e90000 - 0x00007ff863eb2000 	C:\WINDOWS\SYSTEM32\WINMM.dll
0x00007ff863ec0000 - 0x00007ff863eca000 	C:\WINDOWS\SYSTEM32\VERSION.dll
0x00007ff8679f0000 - 0x00007ff8679f7000 	C:\WINDOWS\system32\PSAPI.DLL
0x00007ff867420000 - 0x00007ff86747a000 	C:\WINDOWS\system32\WS2_32.dll
0x00007ff862c50000 - 0x00007ff862c7a000 	C:\WINDOWS\SYSTEM32\WINMMBASE.dll
0x00007ff8694c0000 - 0x00007ff8694c9000 	C:\WINDOWS\system32\NSI.dll
0x00007ff8666f0000 - 0x00007ff86673f000 	C:\WINDOWS\SYSTEM32\cfgmgr32.dll
0x00007ff865410000 - 0x00007ff865438000 	C:\WINDOWS\SYSTEM32\DEVOBJ.dll
0x000000005cb20000 - 0x000000005cb2f000 	C:\Program Files\Java\jre1.8.0_51\bin\verify.dll
0x000000005caf0000 - 0x000000005cb19000 	C:\Program Files\Java\jre1.8.0_51\bin\java.dll
0x000000005cad0000 - 0x000000005cae6000 	C:\Program Files\Java\jre1.8.0_51\bin\zip.dll
0x000000005c860000 - 0x000000005c86d000 	C:\Program Files\Java\jre1.8.0_51\bin\management.dll
0x000000005cab0000 - 0x000000005caca000 	C:\Program Files\Java\jre1.8.0_51\bin\net.dll
0x00007ff865e30000 - 0x00007ff865e89000 	C:\WINDOWS\system32\mswsock.dll
0x000000005ca90000 - 0x000000005caa1000 	C:\Program Files\Java\jre1.8.0_51\bin\nio.dll
0x00007ff85c4d0000 - 0x00007ff85c4e5000 	C:\WINDOWS\system32\napinsp.dll
0x00007ff85c4f0000 - 0x00007ff85c50a000 	C:\WINDOWS\system32\pnrpnsp.dll
0x00007ff861810000 - 0x00007ff86182b000 	C:\WINDOWS\system32\NLAapi.dll
0x00007ff865c30000 - 0x00007ff865cd4000 	C:\WINDOWS\SYSTEM32\DNSAPI.dll
0x00007ff85c630000 - 0x00007ff85c63d000 	C:\WINDOWS\System32\winrnr.dll
0x000000005cb30000 - 0x000000005cb56000 	C:\Program Files\Bonjour\mdnsNSP.dll
0x00007ff860ee0000 - 0x00007ff860f0a000 	C:\WINDOWS\SYSTEM32\Iphlpapi.DLL
0x00007ff860eb0000 - 0x00007ff860eba000 	C:\WINDOWS\SYSTEM32\WINNSI.DLL
0x00007ff85c510000 - 0x00007ff85c51a000 	C:\Windows\System32\rasadhlp.dll
0x00007ff860c80000 - 0x00007ff860ceb000 	C:\WINDOWS\System32\fwpuclnt.dll
0x000000005ca60000 - 0x000000005ca84000 	C:\Program Files\Java\jre1.8.0_51\bin\sunec.dll
0x00007ff865e90000 - 0x00007ff865eb0000 	C:\WINDOWS\SYSTEM32\CRYPTSP.dll
0x00007ff865ab0000 - 0x00007ff865ae6000 	C:\WINDOWS\system32\rsaenh.dll
0x00007ff8660e0000 - 0x00007ff866106000 	C:\WINDOWS\SYSTEM32\bcrypt.dll
0x00007ff866420000 - 0x00007ff866483000 	C:\WINDOWS\system32\bcryptprimitives.dll
0x00007ff866490000 - 0x00007ff86649b000 	C:\WINDOWS\SYSTEM32\CRYPTBASE.dll
0x00007ff860d60000 - 0x00007ff860d76000 	C:\WINDOWS\SYSTEM32\dhcpcsvc6.DLL
0x00007ff860d40000 - 0x00007ff860d5a000 	C:\WINDOWS\SYSTEM32\dhcpcsvc.DLL
0x0000000180000000 - 0x0000000180051000 	C:\Users\linda\.gradle\caches\minecraft\net\minecraft\minecraft_natives\1.7.10\lwjgl64.dll
0x00007ff854a00000 - 0x00007ff854b2b000 	C:\WINDOWS\SYSTEM32\OPENGL32.dll
0x00007ff859b30000 - 0x00007ff859b5e000 	C:\WINDOWS\SYSTEM32\GLU32.dll
0x00007ff854900000 - 0x00007ff8549f8000 	C:\WINDOWS\SYSTEM32\DDRAW.dll
0x00007ff85b9f0000 - 0x00007ff85b9f9000 	C:\WINDOWS\SYSTEM32\DCIMAN32.dll
0x000000005c6c0000 - 0x000000005c858000 	C:\Program Files\Java\jre1.8.0_51\bin\awt.dll
0x00007ff866b50000 - 0x00007ff866c11000 	C:\WINDOWS\system32\OLEAUT32.dll
0x00007ff865260000 - 0x00007ff865389000 	C:\WINDOWS\system32\uxtheme.dll
0x00007ff864970000 - 0x00007ff864991000 	C:\WINDOWS\system32\dwmapi.dll
0x00000000585a0000 - 0x000000005a2cd000 	C:\WINDOWS\SYSTEM32\nvoglv64.DLL
0x00007ff866c20000 - 0x00007ff866dfa000 	C:\WINDOWS\system32\SETUPAPI.dll
0x00007ff8667f0000 - 0x00007ff866841000 	C:\WINDOWS\system32\WINTRUST.dll
0x00007ff866850000 - 0x00007ff866a2f000 	C:\WINDOWS\system32\CRYPT32.dll
0x00007ff8666d0000 - 0x00007ff8666e1000 	C:\WINDOWS\system32\MSASN1.dll
0x00007ff860590000 - 0x00007ff8605c2000 	C:\WINDOWS\SYSTEM32\ntmarta.dll
0x00007ff8665c0000 - 0x00007ff866606000 	C:\WINDOWS\SYSTEM32\powrprof.dll
0x00007ff865460000 - 0x00007ff86546b000 	C:\WINDOWS\SYSTEM32\kernel.appcore.dll
0x00007ff863ed0000 - 0x00007ff863f62000 	C:\WINDOWS\SYSTEM32\mscms.dll
0x00007ff8548b0000 - 0x00007ff8548f1000 	C:\WINDOWS\SYSTEM32\icm32.dll
0x00007ff867ab0000 - 0x00007ff867b66000 	C:\WINDOWS\SYSTEM32\clbcatq.dll
0x0000000070a40000 - 0x0000000070adc000 	C:\Users\linda\.gradle\caches\minecraft\net\minecraft\minecraft_natives\1.7.10\avutil-ttv-51.dll
0x0000000065980000 - 0x00000000659d6000 	C:\Users\linda\.gradle\caches\minecraft\net\minecraft\minecraft_natives\1.7.10\swresample-ttv-0.dll
0x000000006eb80000 - 0x000000006ec50000 	C:\Users\linda\.gradle\caches\minecraft\net\minecraft\minecraft_natives\1.7.10\libmp3lame-ttv.dll
0x00007ff8472b0000 - 0x00007ff848654000 	C:\Users\linda\.gradle\caches\minecraft\net\minecraft\minecraft_natives\1.7.10\libmfxsw64.dll
0x00007ff8545d0000 - 0x00007ff8546fb000 	C:\Users\linda\.gradle\caches\minecraft\net\minecraft\minecraft_natives\1.7.10\twitchsdk.dll
0x00007ff85dec0000 - 0x00007ff85e129000 	C:\WINDOWS\SYSTEM32\WININET.dll
0x00007ff85e520000 - 0x00007ff85e7e7000 	C:\WINDOWS\SYSTEM32\iertutil.dll
0x0000000021eb0000 - 0x0000000021f14000 	C:\Users\linda\.gradle\caches\minecraft\net\minecraft\minecraft_natives\1.7.10\OpenAL64.dll
0x00007ff862af0000 - 0x00007ff862b60000 	C:\WINDOWS\System32\MMDevApi.dll
0x00007ff853ff0000 - 0x00007ff85408d000 	C:\WINDOWS\SYSTEM32\dsound.dll
0x00007ff859620000 - 0x00007ff85969e000 	C:\WINDOWS\SYSTEM32\AUDIOSES.DLL
0x00007ff854700000 - 0x00007ff854889000 	C:\WINDOWS\SYSTEM32\dbghelp.dll

VM Arguments:
jvm_args: -Dfml.ignoreInvalidMinecraftCertificates=true -Dfile.encoding=Cp1252 
java_command: GradleStart --username=greymerk --password=frasabr4
java_class_path (initial): C:\Users\linda\Documents\GitHub\roguelike-17\minecraft-roguelike\bin;C:\Users\linda\.gradle\caches\minecraft\net\minecraftforge\forge\1.7.10-10.13.4.1558-1.7.10\forgeSrc-1.7.10-10.13.4.1558-1.7.10.jar;C:\Users\linda\.gradle\caches\modules-2\files-2.1\net.minecraft\launchwrapper\1.12\111e7bea9c968cdb3d06ef4632bf7ff0824d0f36\launchwrapper-1.12.jar;C:\Users\linda\.gradle\caches\modules-2\files-2.1\com.google.code.findbugs\jsr305\1.3.9\40719ea6961c0cb6afaeb6a921eaa1f6afd4cfdf\jsr305-1.3.9.jar;C:\Users\linda\.gradle\caches\modules-2\files-2.1\org.ow2.asm\asm-debug-all\5.0.3\f9e364ae2a66ce2a543012a4668856e84e5dab74\asm-debug-all-5.0.3.jar;C:\Users\linda\.gradle\caches\modules-2\files-2.1\com.typesafe.akka\akka-actor_2.11\2.3.3\ed62e9fc709ca0f2ff1a3220daa8b70a2870078e\akka-actor_2.11-2.3.3.jar;C:\Users\linda\.gradle\caches\modules-2\files-2.1\com.typesafe\config\1.2.1\f771f71fdae3df231bcd54d5ca2d57f0bf93f467\config-1.2.1.jar;C:\Users\linda\.gradle\caches\modules-2\files-2.1\org.scala-lang\scala-actors-migration_2.11\1.1.0\dfa8bc42b181d5b9f1a5dd147f8ae308b893eb6f\scala-actors-migration_2.11-1.1.0.jar;C:\Users\linda\.gradle\caches\modules-2\files-2.1\org.scala-lang\scala-compiler\2.11.1\56ea2e6c025e0821f28d73ca271218b8dd04926a\scala-compiler-2.11.1.jar;C:\Users\linda\.gradle\caches\modules-2\files-2.1\org.scala-lang.plugins\scala-continuations-library_2.11\1.0.2\e517c53a7e9acd6b1668c5a35eccbaa3bab9aac\scala-continuations-library_2.11-1.0.2.jar;C:\Users\linda\.gradle\caches\modules-2\files-2.1\org.scala-lang.plugins\scala-continuations-plugin_2.11.1\1.0.2\f361a3283452c57fa30c1ee69448995de23c60f7\scala-continuations-plugin_2.11.1-1.0.2.jar;C:\Users\linda\.gradle\caches\modules-2\files-2.1\org.scala-lang\scala-library\2.11.1\e11da23da3eabab9f4777b9220e60d44c1aab6a\scala-library-2.11.1.jar;C:\Users\linda\.gradle\caches\modules-2\files-2.1\org.scala-lang\scala-parser-combinators_2.11\1.0.1\f05d7345bf5a58924f2837c6c1f4d73a938e1ff0\scala-parser-combinat
Launcher Type: SUN_STANDARD

Environment Variables:
PATH=C:/Program Files/Java/jre1.8.0_51/bin/server;C:/Program Files/Java/jre1.8.0_51/bin;C:/Program Files/Java/jre1.8.0_51/lib/amd64;C:\ProgramData\Oracle\Java\javapath;C:\Program Files (x86)\NVIDIA Corporation\PhysX\Common;C:\WINDOWS\system32;C:\WINDOWS;C:\WINDOWS\System32\Wbem;C:\WINDOWS\System32\WindowsPowerShell\v1.0\;C:\Program Files (x86)\QuickTime\QTSystem\;C:\Program Files (x86)\Common Files\Roxio Shared\DLLShared\;C:\Program Files (x86)\Common Files\Roxio Shared\DLLShared\;C:\Program Files (x86)\Common Files\Roxio Shared\VHStoDVD\DLLShared\;C:\Users\linda\Desktop\eclipse;
USERNAME=linda
OS=Windows_NT
PROCESSOR_IDENTIFIER=Intel64 Family 6 Model 58 Stepping 9, GenuineIntel



---------------  S Y S T E M  ---------------

OS: Windows 8.1 , 64 bit Build 9600 (6.3.9600.17415)

CPU:total 4 (4 cores per cpu, 1 threads per core) family 6 model 58 stepping 9, cmov, cx8, fxsr, mmx, sse, sse2, sse3, ssse3, sse4.1, sse4.2, popcnt, avx, aes, clmul, erms, tsc, tscinvbit, tscinv

Memory: 4k page, physical 8348864k(2984436k free), swap 11101376k(3823220k free)

vm_info: Java HotSpot(TM) 64-Bit Server VM (25.51-b03) for windows-amd64 JRE (1.8.0_51-b16), built on Jun  8 2015 18:03:07 by "java_re" with MS VC++ 10.0 (VS2010)

time: Tue Nov 24 20:13:55 2015
elapsed time: 16 seconds (0d 0h 0m 16s)

